rrdtool update nightly_builds.rrd 1249336801:163:1273:U:U:263:274:79:186
rrdtool update nightly_builds.rrd 1249423202:176:1269:U:U:263:275:80:186
rrdtool update nightly_builds.rrd 1249509601:183:U:U:U:U:U:79:U
rrdtool update nightly_builds.rrd 1249596001:174:1260:U:U:263:274:78:185
rrdtool update nightly_builds.rrd 1249682401:170:1278:U:U:264:275:78:185
rrdtool update nightly_builds.rrd 1249768802:172:1282:U:U:283:291:93:226
rrdtool update nightly_builds.rrd 1249855201:166:1271:U:U:263:274:79:185
rrdtool update nightly_builds.rrd 1249941601:218:1324:U:U:290:304:93:244
rrdtool update nightly_builds.rrd 1250028001:184:1297:U:U:265:287:92:204
rrdtool update nightly_builds.rrd 1250114401:175:1281:U:U:264:274:79:186
rrdtool update nightly_builds.rrd 1250200801:174:1301:U:U:267:275:81:193
rrdtool update nightly_builds.rrd 1250287201:168:1293:U:U:265:280:82:191
rrdtool update nightly_builds.rrd 1250373601:193:1270:U:U:268:275:82:188
rrdtool update nightly_builds.rrd 1250460001:174:1280:U:U:263:280:82:209
rrdtool update nightly_builds.rrd 1250546401:198:1320:U:U:295:309:99:206
rrdtool update nightly_builds.rrd 1250632801:185:1320:U:U:285:308:114:210
rrdtool update nightly_builds.rrd 1250719201:195:U:U:U:274:U:86:U
rrdtool update nightly_builds.rrd 1250805601:185:1242:U:U:264:295:78:184
rrdtool update nightly_builds.rrd 1250892002:172:1257:U:U:265:276:79:186
rrdtool update nightly_builds.rrd 1250978401:164:1246:U:U:263:275:78:185
rrdtool update nightly_builds.rrd 1251064801:165:1262:U:U:263:275:78:188
rrdtool update nightly_builds.rrd 1251151201:162:1254:U:U:264:274:77:186
rrdtool update nightly_builds.rrd 1251237601:165:1262:U:U:265:277:78:189
rrdtool update nightly_builds.rrd 1251324001:190:1264:U:U:266:275:78:188
rrdtool update nightly_builds.rrd 1251410401:223:1276:U:U:274:278:80:187
rrdtool update nightly_builds.rrd 1251496801:192:1265:U:U:264:277:78:187
rrdtool update nightly_builds.rrd 1251583201:206:1276:U:U:273:295:80:199
rrdtool update nightly_builds.rrd 1251669602:191:1257:U:U:265:277:79:194
rrdtool update nightly_builds.rrd 1251756001:199:1254:U:U:265:277:78:187
rrdtool update nightly_builds.rrd 1251842401:209:1280:U:U:278:279:99:189
rrdtool update nightly_builds.rrd 1251928801:216:1262:U:U:291:311:104:191
rrdtool update nightly_builds.rrd 1252015201:208:1257:U:U:269:279:81:189
rrdtool update nightly_builds.rrd 1252101601:203:1266:U:U:269:280:81:188
rrdtool update nightly_builds.rrd 1252188001:197:1261:U:U:266:279:79:188
rrdtool update nightly_builds.rrd 1252274401:192:1266:U:U:266:278:79:187
rrdtool update nightly_builds.rrd 1252360801:U:U:U:U:U:U:108:208
rrdtool update nightly_builds.rrd 1252447201:213:1842:U:U:298:299:97:198
rrdtool update nightly_builds.rrd 1252533602:209:1838:U:U:288:287:98:226
rrdtool update nightly_builds.rrd 1252620001:194:1834:U:U:269:279:83:199
rrdtool update nightly_builds.rrd 1252706402:241:1859:U:U:302:309:115:219
rrdtool update nightly_builds.rrd 1252792802:219:1826:U:U:292:294:91:201
rrdtool update nightly_builds.rrd 1252879201:195:1817:U:U:269:279:82:196
rrdtool update nightly_builds.rrd 1252965601:209:1842:U:U:290:302:105:203
rrdtool update nightly_builds.rrd 1253052002:195:1835:U:U:293:314:103:224
rrdtool update nightly_builds.rrd 1253138401:213:1825:U:U:278:282:91:205
rrdtool update nightly_builds.rrd 1253224801:291:1837:U:U:303:315:127:219
rrdtool update nightly_builds.rrd 1253311201:244:1822:U:U:280:290:84:216
rrdtool update nightly_builds.rrd 1253397601:229:1851:U:U:305:302:152:235
rrdtool update nightly_builds.rrd 1253484001:196:1834:U:U:271:280:93:214
rrdtool update nightly_builds.rrd 1253570401:199:1843:U:U:304:307:117:236
rrdtool update nightly_builds.rrd 1253656801:194:1824:U:U:269:282:82:198
rrdtool update nightly_builds.rrd 1253743201:204:1837:U:U:280:291:95:221
rrdtool update nightly_builds.rrd 1253829601:212:1855:U:U:278:292:106:227
rrdtool update nightly_builds.rrd 1253916002:204:1852:U:U:275:313:92:239
rrdtool update nightly_builds.rrd 1254002401:192:1829:U:U:267:280:83:199
rrdtool update nightly_builds.rrd 1254088801:194:1849:U:U:269:282:85:203
rrdtool update nightly_builds.rrd 1254175202:194:1837:U:U:271:282:83:199
rrdtool update nightly_builds.rrd 1254261602:193:1606:U:U:271:283:82:207
rrdtool update nightly_builds.rrd 1254348001:195:U:U:U:258:272:78:190
rrdtool update nightly_builds.rrd 1254434401:187:1589:U:U:259:275:80:189
rrdtool update nightly_builds.rrd 1254520801:185:1582:U:U:259:274:79:191
rrdtool update nightly_builds.rrd 1254542401:U:U:U:U:U:U:U:U
rrdtool update nightly_builds.rrd 1254607201:187:1586:U:U:260:273:79:192
rrdtool update nightly_builds.rrd 1254693601:185:1598:U:U:260:273:79:190
rrdtool update nightly_builds.rrd 1254780001:188:1597:U:U:261:273:79:192
rrdtool update nightly_builds.rrd 1254866402:227:1620:U:U:265:276:90:196
rrdtool update nightly_builds.rrd 1254952801:290:1957:U:U:431:411:105:308
rrdtool update nightly_builds.rrd 1255039201:289:1954:U:U:424:422:107:301
rrdtool update nightly_builds.rrd 1255125601:226:1726:U:U:342:342:114:236
rrdtool update nightly_builds.rrd 1255212001:266:1712:U:U:334:358:93:237
rrdtool update nightly_builds.rrd 1255298401:213:1700:U:U:296:305:91:225
rrdtool update nightly_builds.rrd 1255384801:250:1730:U:U:318:345:128:257
rrdtool update nightly_builds.rrd 1255471201:221:1726:U:U:311:312:93:249
rrdtool update nightly_builds.rrd 1255557601:255:2231:U:U:355:438:106:275
rrdtool update nightly_builds.rrd 1255644001:252:2241:U:U:355:437:97:264
rrdtool update nightly_builds.rrd 1255989601:246:2271:U:U:388:462:125:276
rrdtool update nightly_builds.rrd 1256076001:251:2234:U:U:356:439:96:269
rrdtool update nightly_builds.rrd 1256162401:266:2248:U:U:381:480:109:276
rrdtool update nightly_builds.rrd 1256248801:257:2270:U:U:360:445:97:268
rrdtool update nightly_builds.rrd 1256335201:252:2238:U:U:360:442:98:269
rrdtool update nightly_builds.rrd 1256421601:250:2241:U:U:359:442:97:265
rrdtool update nightly_builds.rrd 1256511601:255:2246:U:U:362:446:97:272
rrdtool update nightly_builds.rrd 1256598002:260:2244:U:U:360:443:97:292
rrdtool update nightly_builds.rrd 1256684402:255:2304:U:U:381:476:107:299
rrdtool update nightly_builds.rrd 1256770801:289:2272:U:U:391:494:131:301
rrdtool update nightly_builds.rrd 1256857201:254:2250:U:U:364:442:98:280
rrdtool update nightly_builds.rrd 1256943601:275:2309:U:U:376:481:120:274
rrdtool update nightly_builds.rrd 1257030001:248:2304:U:U:359:442:97:266
rrdtool update nightly_builds.rrd 1257116401:255:2343:U:U:363:446:109:287
rrdtool update nightly_builds.rrd 1257202801:257:2320:U:U:392:461:128:295
rrdtool update nightly_builds.rrd 1257289201:287:2314:U:U:396:481:137:267
rrdtool update nightly_builds.rrd 1257375601:261:2309:U:U:379:454:122:278
rrdtool update nightly_builds.rrd 1257462001:248:2305:U:U:360:442:96:266
rrdtool update nightly_builds.rrd 1257548401:447:2304:U:U:368:445:98:267
rrdtool update nightly_builds.rrd 1257634801:254:2315:U:U:368:446:97:270
rrdtool update nightly_builds.rrd 1257721201:298:2571:U:U:496:583:108:351
rrdtool update nightly_builds.rrd 1257807602:304:3045:U:U:499:602:109:327
rrdtool update nightly_builds.rrd 1257894001:236:2340:U:U:355:404:90:253
rrdtool update nightly_builds.rrd 1257980401:275:2356:U:U:374:426:93:274
rrdtool update nightly_builds.rrd 1258066802:273:2390:U:U:371:428:110:268
rrdtool update nightly_builds.rrd 1258153201:239:2371:U:U:357:404:91:251
rrdtool update nightly_builds.rrd 1258239601:240:2348:U:U:545:405:90:251
rrdtool update nightly_builds.rrd 1258326001:250:2411:U:U:383:430:115:256
rrdtool update nightly_builds.rrd 1258412402:272:2374:U:U:366:412:104:270
rrdtool update nightly_builds.rrd 1258498801:248:2350:U:U:358:405:91:252
rrdtool update nightly_builds.rrd 1258585202:258:2843:U:U:346:400:116:237
rrdtool update nightly_builds.rrd 1258671601:233:2251:U:U:334:390:85:235
rrdtool update nightly_builds.rrd 1258758001:229:2257:U:U:334:394:91:242
rrdtool update nightly_builds.rrd 1258844402:222:2249:U:U:330:393:86:237
rrdtool update nightly_builds.rrd 1258930801:246:2254:U:U:341:407:100:235
rrdtool update nightly_builds.rrd 1259017201:230:2256:U:U:334:392:86:235
rrdtool update nightly_builds.rrd 1259103601:224:2257:U:U:337:393:86:235
rrdtool update nightly_builds.rrd 1259190001:243:2258:U:U:336:393:86:235
rrdtool update nightly_builds.rrd 1259276402:232:2257:U:U:336:394:87:237
rrdtool update nightly_builds.rrd 1259362801:233:2255:U:U:378:396:93:286
rrdtool update nightly_builds.rrd 1259449201:247:2254:U:U:348:401:89:253
rrdtool update nightly_builds.rrd 1259535601:221:2262:U:U:334:394:87:238
rrdtool update nightly_builds.rrd 1259622001:250:2265:U:U:375:399:110:258
rrdtool update nightly_builds.rrd 1259708401:242:2277:U:U:365:411:112:260
rrdtool update nightly_builds.rrd 1259794801:254:2325:U:U:371:439:92:240
rrdtool update nightly_builds.rrd 1259881201:253:2301:U:U:389:424:124:257
rrdtool update nightly_builds.rrd 1259967601:265:2201:U:U:353:404:119:263
rrdtool update nightly_builds.rrd 1260054002:246:2191:U:U:356:414:101:258
rrdtool update nightly_builds.rrd 1260140401:224:2188:U:U:336:398:86:239
rrdtool update nightly_builds.rrd 1260226802:230:2187:U:U:340:419:89:240
rrdtool update nightly_builds.rrd 1260313201:U:2190:U:U:339:404:86:240
rrdtool update nightly_builds.rrd 1260399602:250:2235:U:U:359:U:87:240
rrdtool update nightly_builds.rrd 1260486002:231:2241:291:U:354:413:91:241
rrdtool update nightly_builds.rrd 1260572401:242:2257:287:U:367:435:99:246
rrdtool update nightly_builds.rrd 1260658801:238:2244:277:U:353:415:87:324
rrdtool update nightly_builds.rrd 1260745201:236:2267:283:U:353:415:87:241
rrdtool update nightly_builds.rrd 1260831602:227:2250:280:U:352:412:88:240
rrdtool update nightly_builds.rrd 1260918001:230:2248:279:U:353:416:87:240
rrdtool update nightly_builds.rrd 1261004402:240:2274:283:U:357:415:89:248
rrdtool update nightly_builds.rrd 1261090802:250:2246:284:U:353:415:89:242
rrdtool update nightly_builds.rrd 1263337201:206:2402:232:U:327:227:87:227
rrdtool update nightly_builds.rrd 1263423601:267:2042:267:U:380:237:150:238
rrdtool update nightly_builds.rrd 1263510001:175:1997:205:U:297:196:72:173
rrdtool update nightly_builds.rrd 1263596401:187:2017:207:U:302:196:74:183
rrdtool update nightly_builds.rrd 1263682801:198:1998:209:U:302:197:79:202
rrdtool update nightly_builds.rrd 1263769201:238:2077:288:U:357:258:108:174
rrdtool update nightly_builds.rrd 1263855601:242:2048:225:U:322:244:89:176
rrdtool update nightly_builds.rrd 1263942001:203:2021:213:U:305:213:75:219
rrdtool update nightly_builds.rrd 1264028402:234:2009:231:U:312:200:84:174
rrdtool update nightly_builds.rrd 1264114801:194:2002:224:U:324:221:115:200
rrdtool update nightly_builds.rrd 1264201201:186:1996:207:U:302:195:72:222
rrdtool update nightly_builds.rrd 1264287601:197:2030:243:U:351:244:147:199
rrdtool update nightly_builds.rrd 1264374001:249:2017:272:U:354:224:109:176
rrdtool update nightly_builds.rrd 1264460401:U:U:U:U:U:U:U:U
rrdtool update nightly_builds.rrd 1264546801:U:U:U:U:U:U:U:U
rrdtool update nightly_builds.rrd 1264633201:227:2022:266:U:366:235:126:175
rrdtool update nightly_builds.rrd 1264719601:203:2027:254:U:315:218:82:188
rrdtool update nightly_builds.rrd 1264806001:222:2045:270:U:331:199:94:177
rrdtool update nightly_builds.rrd 1264892401:181:2029:212:U:303:197:96:200
rrdtool update nightly_builds.rrd 1264978801:194:2047:243:U:318:218:101:215
rrdtool update nightly_builds.rrd 1265065202:242:2097:254:U:352:299:110:175
rrdtool update nightly_builds.rrd 1265151601:199:2128:236:U:340:234:102:240
rrdtool update nightly_builds.rrd 1265238002:187:2042:209:U:308:201:74:176
rrdtool update nightly_builds.rrd 1265324401:254:2112:327:U:384:276:177:177
rrdtool update nightly_builds.rrd 1265410801:227:2030:233:U:310:198:83:189
rrdtool update nightly_builds.rrd 1265497201:197:2027:216:U:306:197:98:176
rrdtool update nightly_builds.rrd 1265583601:205:2024:211:U:305:204:76:181
rrdtool update nightly_builds.rrd 1265670001:188:2026:210:U:307:199:74:177
rrdtool update nightly_builds.rrd 1265756401:186:2040:209:U:390:163:74:218
rrdtool update nightly_builds.rrd 1265842801:229:2058:249:U:398:180:89:181
rrdtool update nightly_builds.rrd 1265929201:184:2039:211:U:389:162:74:181
rrdtool update nightly_builds.rrd 1266015601:256:U:271:U:418:191:91:180
rrdtool update nightly_builds.rrd 1266102002:189:U:209:U:389:170:83:181
rrdtool update nightly_builds.rrd 1266188402:207:U:210:U:393:167:75:184
rrdtool update nightly_builds.rrd 1266274802:190:2039:215:U:393:162:89:182
rrdtool update nightly_builds.rrd 1266361202:185:2051:210:U:390:162:75:182
rrdtool update nightly_builds.rrd 1266447602:245:2086:284:U:408:188:80:194
rrdtool update nightly_builds.rrd 1266534002:234:1864:287:U:423:194:150:203
rrdtool update nightly_builds.rrd 1266620402:187:1826:236:U:384:163:91:179
rrdtool update nightly_builds.rrd 1266706802:224:1879:254:U:397:164:111:181
rrdtool update nightly_builds.rrd 1266793202:187:1826:232:U:384:163:75:198
rrdtool update nightly_builds.rrd 1266879602:192:1825:U:378:385:161:75:181
rrdtool update nightly_builds.rrd 1266966002:186:1825:210:376:386:162:74:180
rrdtool update nightly_builds.rrd 1267052402:184:1819:211:377:385:162:73:181
rrdtool update nightly_builds.rrd 1267138802:218:1837:242:387:422:177:85:214
rrdtool update nightly_builds.rrd 1267225202:222:1860:238:415:423:197:91:207
rrdtool update nightly_builds.rrd 1267311602:190:1820:210:379:386:162:75:182
rrdtool update nightly_builds.rrd 1267398002:185:1824:210:378:384:161:75:180
rrdtool update nightly_builds.rrd 1267484402:200:1872:242:380:426:193:123:251
rrdtool update nightly_builds.rrd 1267570801:264:1852:252:424:387:163:76:182
rrdtool update nightly_builds.rrd 1267657202:187:1824:212:378:386:161:75:180
rrdtool update nightly_builds.rrd 1267743602:192:1820:212:377:385:162:76:180
rrdtool update nightly_builds.rrd 1267830002:186:1835:212:379:411:178:95:198
rrdtool update nightly_builds.rrd 1267916402:214:1842:220:417:385:162:75:180
rrdtool update nightly_builds.rrd 1268002802:185:1823:214:381:387:162:76:181
rrdtool update nightly_builds.rrd 1268089202:200:1829:211:378:387:162:76:180
rrdtool update nightly_builds.rrd 1268175602:189:1827:211:378:386:164:76:180
rrdtool update nightly_builds.rrd 1268262002:204:1837:227:400:387:164:76:180
rrdtool update nightly_builds.rrd 1268348402:189:1834:211:396:388:164:77:180
rrdtool update nightly_builds.rrd 1268434801:186:1834:214:397:395:174:83:200
rrdtool update nightly_builds.rrd 1268521202:188:1829:211:395:387:163:76:180
rrdtool update nightly_builds.rrd 1268607602:192:1831:212:411:385:163:76:181
rrdtool update nightly_builds.rrd 1268690402:199:1792:216:394:386:172:75:181
rrdtool update nightly_builds.rrd 1268776802:192:1785:210:394:388:163:75:181
rrdtool update nightly_builds.rrd 1268863201:212:1787:221:399:386:165:76:180
rrdtool update nightly_builds.rrd 1268949601:192:1788:212:394:385:162:75:180
rrdtool update nightly_builds.rrd 1269036001:185:1786:211:394:387:162:75:180
rrdtool update nightly_builds.rrd 1269122401:180:1786:212:396:383:162:77:181
rrdtool update nightly_builds.rrd 1269208801:206:1807:222:421:423:221:105:212
rrdtool update nightly_builds.rrd 1269295201:260:1821:277:449:390:219:93:201
rrdtool update nightly_builds.rrd 1269381602:203:1788:223:417:409:193:104:251
rrdtool update nightly_builds.rrd 1269468001:199:1812:214:401:432:214:127:204
rrdtool update nightly_builds.rrd 1269554402:191:1794:212:397:388:162:75:181
rrdtool update nightly_builds.rrd 1269640802:221:1801:249:405:387:163:77:181
rrdtool update nightly_builds.rrd 1269727202:189:1795:212:397:387:162:76:182
rrdtool update nightly_builds.rrd 1269810002:187:1795:212:400:388:163:76:181
rrdtool update nightly_builds.rrd 1269896402:190:1797:212:399:391:169:79:219
rrdtool update nightly_builds.rrd 1269982801:195:1800:217:405:389:166:77:182
rrdtool update nightly_builds.rrd 1270069202:215:1815:224:426:389:165:76:183
rrdtool update nightly_builds.rrd 1270587602:224:1817:263:416:408:201:108:212
rrdtool update nightly_builds.rrd 1270674002:192:1798:212:401:389:166:75:182
rrdtool update nightly_builds.rrd 1270760402:209:1802:243:451:407:165:84:191
rrdtool update nightly_builds.rrd 1270846802:189:1800:211:402:385:162:75:182
rrdtool update nightly_builds.rrd 1270933202:192:1802:213:402:384:163:75:185
rrdtool update nightly_builds.rrd 1271019601:204:1830:244:419:395:163:94:208
rrdtool update nightly_builds.rrd 1271106002:188:1799:213:400:385:162:77:181
rrdtool update nightly_builds.rrd 1271192402:190:1806:212:400:386:164:75:181
rrdtool update nightly_builds.rrd 1271278802:254:1824:229:422:409:184:83:187
rrdtool update nightly_builds.rrd 1271365202:188:1806:211:402:388:163:76:181
rrdtool update nightly_builds.rrd 1271451602:189:1804:212:400:389:162:75:182
rrdtool update nightly_builds.rrd 1271538002:191:1798:215:399:388:163:75:181
rrdtool update nightly_builds.rrd 1271624402:189:1805:213:400:390:163:75:181
rrdtool update nightly_builds.rrd 1271710802:189:1809:214:402:389:163:75:181
rrdtool update nightly_builds.rrd 1271797202:189:1806:213:402:388:163:77:181
rrdtool update nightly_builds.rrd 1271883602:189:1821:214:400:391:166:75:182
rrdtool update nightly_builds.rrd 1271970002:191:1813:214:401:389:U:76:182
rrdtool update nightly_builds.rrd 1272056402:U:U:U:U:U:U:U:U
rrdtool update nightly_builds.rrd 1272142802:U:U:U:U:U:U:U:U
rrdtool update nightly_builds.rrd 1272229202:U:U:U:U:U:U:U:U
rrdtool update nightly_builds.rrd 1272315602:193:1813:214:403:392:163:75:182
rrdtool update nightly_builds.rrd 1272402002:193:1812:216:404:392:164:76:183
rrdtool update nightly_builds.rrd 1272488403:190:1808:216:404:391:165:75:181
rrdtool update nightly_builds.rrd 1272574803:201:1811:215:403:394:165:76:182
rrdtool update nightly_builds.rrd 1272661202:205:1963:216:403:390:165:80:184
rrdtool update nightly_builds.rrd 1272747602:192:1966:218:405:392:165:77:183
rrdtool update nightly_builds.rrd 1272834002:195:1974:217:403:392:164:76:184
rrdtool update nightly_builds.rrd 1272920402:194:1969:214:405:392:163:76:183
rrdtool update nightly_builds.rrd 1273006802:194:1968:216:404:393:165:76:187
rrdtool update nightly_builds.rrd 1273093202:202:1963:215:403:392:165:78:185
rrdtool update nightly_builds.rrd 1273179602:208:1960:219:405:392:165:77:183
rrdtool update nightly_builds.rrd 1273266002:189:1954:218:403:391:165:80:187
rrdtool update nightly_builds.rrd 1273352403:195:1964:216:405:392:169:80:188
rrdtool update nightly_builds.rrd 1273438802:198:2076:214:410:390:164:75:183
rrdtool update nightly_builds.rrd 1273525202:191:2067:217:409:392:164:78:182
rrdtool update nightly_builds.rrd 1273611602:191:2109:216:410:395:165:76:187
rrdtool update nightly_builds.rrd 1273698002:200:2108:215:405:395:169:77:183
rrdtool update nightly_builds.rrd 1273784402:196:2102:215:408:394:165:77:183
rrdtool update nightly_builds.rrd 1273870802:201:2113:215:406:394:165:77:183
rrdtool update nightly_builds.rrd 1273957202:197:2102:215:404:394:169:81:186
rrdtool update nightly_builds.rrd 1274043602:197:2111:216:409:393:166:79:184
rrdtool update nightly_builds.rrd 1274130002:196:2107:216:407:392:171:80:183
rrdtool update nightly_builds.rrd 1274216402:199:2110:214:406:399:165:76:184
rrdtool update nightly_builds.rrd 1274302802:195:2109:215:405:394:165:76:185
rrdtool update nightly_builds.rrd 1274389202:192:2116:215:405:392:166:76:185
rrdtool update nightly_builds.rrd 1274475602:197:2103:215:404:393:168:76:185
rrdtool update nightly_builds.rrd 1274562002:194:2110:215:407:397:166:76:183
rrdtool update nightly_builds.rrd 1274648402:192:2102:215:407:393:167:76:185
rrdtool update nightly_builds.rrd 1274734802:193:2109:216:409:397:167:78:187
rrdtool update nightly_builds.rrd 1274821202:197:2120:216:409:395:167:81:183
rrdtool update nightly_builds.rrd 1274907603:189:2102:215:407:396:165:80:183
rrdtool update nightly_builds.rrd 1274994002:197:2116:220:410:405:170:81:184
rrdtool update nightly_builds.rrd 1275080402:190:2110:216:409:393:166:82:185
rrdtool update nightly_builds.rrd 1275166803:192:2113:218:406:397:167:80:184
rrdtool update nightly_builds.rrd 1275253202:190:2120:216:408:397:168:77:184
rrdtool update nightly_builds.rrd 1275339603:201:2119:216:407:398:167:78:186
rrdtool update nightly_builds.rrd 1275426002:202:2156:224:423:414:172:83:190
rrdtool update nightly_builds.rrd 1275512402:201:2160:226:424:412:171:80:194
rrdtool update nightly_builds.rrd 1275598802:211:2151:228:425:416:171:81:193
rrdtool update nightly_builds.rrd 1275685202:203:2155:227:430:413:171:81:192
rrdtool update nightly_builds.rrd 1275771603:206:2156:225:425:411:171:80:194
rrdtool update nightly_builds.rrd 1275858003:208:2140:224:425:412:175:81:193
rrdtool update nightly_builds.rrd 1275944402:200:2156:227:429:416:172:82:196
rrdtool update nightly_builds.rrd 1276030802:214:2168:230:427:414:172:79:192
rrdtool update nightly_builds.rrd 1276117202:201:2167:227:427:416:171:80:196
rrdtool update nightly_builds.rrd 1276203602:208:2148:227:430:414:173:79:192
rrdtool update nightly_builds.rrd 1276290002:203:2164:229:428:412:172:79:193
rrdtool update nightly_builds.rrd 1276376402:203:2156:229:430:413:172:83:191
rrdtool update nightly_builds.rrd 1276462802:200:2147:225:425:415:175:81:193
rrdtool update nightly_builds.rrd 1276549202:213:2172:225:426:413:173:80:195
rrdtool update nightly_builds.rrd 1276635602:211:2150:225:423:414:173:79:193
rrdtool update nightly_builds.rrd 1276722002:206:2164:226:U:412:175:80:193
rrdtool update nightly_builds.rrd 1276808402:215:2182:225:430:418:170:80:192
rrdtool update nightly_builds.rrd 1276894802:222:2169:226:430:414:173:79:191
rrdtool update nightly_builds.rrd 1276981202:206:2166:227:430:415:173:79:193
rrdtool update nightly_builds.rrd 1277067603:200:2158:226:430:420:172:82:196
rrdtool update nightly_builds.rrd 1277154002:207:2205:230:440:420:174:80:193
rrdtool update nightly_builds.rrd 1277240402:204:2191:228:438:416:172:81:194
rrdtool update nightly_builds.rrd 1277326802:214:2196:226:436:425:176:80:201
rrdtool update nightly_builds.rrd 1277413203:206:2187:228:437:418:175:80:200
rrdtool update nightly_builds.rrd 1277499602:211:2204:231:440:420:177:80:200
rrdtool update nightly_builds.rrd 1277586002:210:2194:229:439:420:178:82:204
rrdtool update nightly_builds.rrd 1277672402:200:2191:229:439:418:175:79:200
rrdtool update nightly_builds.rrd 1277758803:205:2187:228:438:424:178:80:201
rrdtool update nightly_builds.rrd 1277845202:203:2193:227:437:420:175:80:203
rrdtool update nightly_builds.rrd 1277931602:201:2204:231:441:419:179:82:202
rrdtool update nightly_builds.rrd 1278018003:221:2206:230:453:431:184:88:205
rrdtool update nightly_builds.rrd 1278104403:215:2196:238:445:421:177:98:207
rrdtool update nightly_builds.rrd 1278190802:208:2194:230:438:422:177:81:203
rrdtool update nightly_builds.rrd 1278277203:203:2184:228:439:419:177:81:200
rrdtool update nightly_builds.rrd 1278363603:219:2236:250:471:452:186:89:222
rrdtool update nightly_builds.rrd 1278450002:217:2235:250:471:463:189:88:219
rrdtool update nightly_builds.rrd 1278536402:218:2201:249:469:449:186:90:221
rrdtool update nightly_builds.rrd 1278622802:222:2190:247:469:449:188:87:218
rrdtool update nightly_builds.rrd 1278709202:222:2023:250:468:446:186:88:219
rrdtool update nightly_builds.rrd 1278795602:218:2020:246:467:447:187:87:223
rrdtool update nightly_builds.rrd 1278882002:216:2025:248:468:447:189:88:216
rrdtool update nightly_builds.rrd 1278968403:222:2029:247:469:452:186:86:220
rrdtool update nightly_builds.rrd 1279054802:220:2026:247:467:449:186:86:219
rrdtool update nightly_builds.rrd 1279141202:215:2032:248:469:448:187:86:218
rrdtool update nightly_builds.rrd 1279227602:219:2028:247:468:452:187:87:216
rrdtool update nightly_builds.rrd 1279314002:224:2028:249:469:451:189:87:222
rrdtool update nightly_builds.rrd 1279400402:221:2036:249:477:447:187:87:217
rrdtool update nightly_builds.rrd 1279486802:219:2028:250:471:447:186:86:218
rrdtool update nightly_builds.rrd 1279573203:220:2032:249:469:448:187:87:217
rrdtool update nightly_builds.rrd 1279659602:225:2038:249:470:454:185:87:218
rrdtool update nightly_builds.rrd 1279746003:216:2037:248:470:447:185:86:217
rrdtool update nightly_builds.rrd 1279832403:220:2034:255:477:464:198:102:228
rrdtool update nightly_builds.rrd 1279918802:220:2032:247:471:451:188:90:217
rrdtool update nightly_builds.rrd 1280005202:225:2032:248:471:454:186:86:217
rrdtool update nightly_builds.rrd 1280091602:218:2025:248:471:449:186:86:219
rrdtool update nightly_builds.rrd 1280178003:237:2043:250:473:450:192:91:219
rrdtool update nightly_builds.rrd 1280264402:216:2034:235:452:425:180:84:207
rrdtool update nightly_builds.rrd 1280350802:206:2039:234:449:420:180:82:205
rrdtool update nightly_builds.rrd 1280437202:210:2034:235:447:422:180:86:205
rrdtool update nightly_builds.rrd 1280523603:208:2032:234:444:422:181:85:203
rrdtool update nightly_builds.rrd 1280610002:211:2031:232:447:420:182:82:204
rrdtool update nightly_builds.rrd 1280696402:209:2030:233:446:419:180:83:206
rrdtool update nightly_builds.rrd 1280782802:219:2042:238:447:424:180:84:207
rrdtool update nightly_builds.rrd 1280869202:209:2040:233:447:422:179:83:209
rrdtool update nightly_builds.rrd 1280955602:209:1739:234:445:421:178:81:207
rrdtool update nightly_builds.rrd 1281042002:218:1731:235:446:420:180:84:207
rrdtool update nightly_builds.rrd 1281128402:218:1727:233:445:421:179:82:209
rrdtool update nightly_builds.rrd 1281214802:215:1741:233:446:419:179:81:208
rrdtool update nightly_builds.rrd 1281301202:207:1733:234:445:423:181:81:206
rrdtool update nightly_builds.rrd 1281387602:220:1742:235:446:423:180:83:208
rrdtool update nightly_builds.rrd 1281474002:217:1743:234:449:422:180:83:207
rrdtool update nightly_builds.rrd 1281560402:218:1740:234:448:423:181:83:208
rrdtool update nightly_builds.rrd 1281646802:207:1704:232:447:423:180:81:209
rrdtool update nightly_builds.rrd 1281733202:208:1722:236:446:423:180:82:209
rrdtool update nightly_builds.rrd 1281819602:213:1717:234:448:422:179:82:209
rrdtool update nightly_builds.rrd 1281906002:207:1720:234:448:421:181:82:209
rrdtool update nightly_builds.rrd 1281992402:208:1725:232:449:426:180:81:209
rrdtool update nightly_builds.rrd 1282078802:214:1725:234:449:424:181:83:212
rrdtool update nightly_builds.rrd 1282165202:210:1722:235:452:426:181:81:210
rrdtool update nightly_builds.rrd 1282251602:256:1774:277:495:459:216:121:243
rrdtool update nightly_builds.rrd 1282338002:211:1739:235:452:427:181:82:210
rrdtool update nightly_builds.rrd 1282424403:215:1731:236:451:427:181:85:212
rrdtool update nightly_builds.rrd 1282510803:209:1740:236:453:426:182:85:210
rrdtool update nightly_builds.rrd 1282597202:212:1738:239:453:429:183:83:212
rrdtool update nightly_builds.rrd 1282683602:209:1734:237:451:426:183:84:210
rrdtool update nightly_builds.rrd 1282770002:209:1747:235:453:428:182:82:210
rrdtool update nightly_builds.rrd 1282856402:218:1733:236:U:428:182:83:210
rrdtool update nightly_builds.rrd 1282942802:223:1746:236:450:425:180:82:210
rrdtool update nightly_builds.rrd 1283029202:219:1748:235:450:424:181:85:210
rrdtool update nightly_builds.rrd 1283115603:210:1748:236:449:427:180:82:209
rrdtool update nightly_builds.rrd 1283202002:210:1753:234:448:426:180:83:208
rrdtool update nightly_builds.rrd 1283288403:212:1872:236:449:423:183:83:210
rrdtool update nightly_builds.rrd 1283374802:216:1871:234:451:426:181:82:213
rrdtool update nightly_builds.rrd 1283461202:219:1885:235:452:425:181:84:214
rrdtool update nightly_builds.rrd 1283547602:208:1901:235:448:424:182:82:212
rrdtool update nightly_builds.rrd 1283634003:218:1898:236:449:425:181:84:215
rrdtool update nightly_builds.rrd 1283720403:210:1889:235:449:425:181:83:211
rrdtool update nightly_builds.rrd 1283806802:218:1917:236:455:425:181:84:215
rrdtool update nightly_builds.rrd 1283893202:224:1928:240:456:430:184:85:217
rrdtool update nightly_builds.rrd 1283979602:221:1907:235:454:426:180:83:214
rrdtool update nightly_builds.rrd 1284066003:220:1935:239:457:428:183:84:216
rrdtool update nightly_builds.rrd 1284152402:212:1912:237:456:428:181:84:215
rrdtool update nightly_builds.rrd 1284238802:217:1914:236:452:431:183:84:216
rrdtool update nightly_builds.rrd 1284325202:217:1923:240:455:432:183:83:215
rrdtool update nightly_builds.rrd 1284411603:215:2071:240:457:432:182:85:216
rrdtool update nightly_builds.rrd 1284498002:216:2086:239:463:434:184:88:217
rrdtool update nightly_builds.rrd 1284584402:220:1731:242:456:430:183:84:217
rrdtool update nightly_builds.rrd 1284670801:215:1726:243:459:430:184:85:219
rrdtool update nightly_builds.rrd 1284757202:217:1731:241:461:430:184:86:219
rrdtool update nightly_builds.rrd 1284843602:220:1735:240:459:431:193:84:217
rrdtool update nightly_builds.rrd 1284930003:220:1724:241:458:432:184:85:217
rrdtool update nightly_builds.rrd 1285016402:221:1726:239:459:431:183:85:217
rrdtool update nightly_builds.rrd 1285102801:221:1725:241:459:432:183:84:217
rrdtool update nightly_builds.rrd 1285189203:221:1753:240:460:431:183:83:219
rrdtool update nightly_builds.rrd 1285275603:220:1740:238:456:428:181:84:215
rrdtool update nightly_builds.rrd 1285362002:226:1729:237:454:426:181:83:216
rrdtool update nightly_builds.rrd 1285448402:228:1741:237:453:424:181:84:217
rrdtool update nightly_builds.rrd 1285534802:214:1725:237:457:423:180:83:216
rrdtool update nightly_builds.rrd 1285621202:227:1732:238:455:428:181:86:216
rrdtool update nightly_builds.rrd 1285707603:223:1737:237:U:U:223:85:215
rrdtool update nightly_builds.rrd 1285794002:228:1734:239:U:U:223:84:216
rrdtool update nightly_builds.rrd 1285880403:221:1745:236:450:423:181:83:213
rrdtool update nightly_builds.rrd 1285966803:205:1706:221:425:400:180:79:200
rrdtool update nightly_builds.rrd 1286053202:212:1696:220:427:398:181:78:199
rrdtool update nightly_builds.rrd 1286139602:204:1709:221:430:400:179:78:200
rrdtool update nightly_builds.rrd 1286226003:208:1699:218:424:399:179:80:198
rrdtool update nightly_builds.rrd 1286312401:202:1528:218:427:402:177:78:199
rrdtool update nightly_builds.rrd 1286398803:312:1694:360:570:571:200:163:299
rrdtool update nightly_builds.rrd 1286485202:210:1545:223:433:411:178:83:204
rrdtool update nightly_builds.rrd 1286571602:212:1548:224:438:409:181:82:207
rrdtool update nightly_builds.rrd 1286658003:214:1544:223:437:409:179:81:204
rrdtool update nightly_builds.rrd 1286744402:207:1543:226:438:415:178:83:204
rrdtool update nightly_builds.rrd 1286830802:201:1554:221:431:408:177:81:204
rrdtool update nightly_builds.rrd 1286917203:204:1538:223:433:405:178:80:200
rrdtool update nightly_builds.rrd 1287003602:205:1543:224:433:405:181:81:203
rrdtool update nightly_builds.rrd 1287090002:208:1547:223:433:407:178:82:202
rrdtool update nightly_builds.rrd 1287176402:203:1567:222:432:409:178:81:202
rrdtool update nightly_builds.rrd 1287262803:207:1563:222:434:407:179:82:204
rrdtool update nightly_builds.rrd 1287349203:204:1547:221:433:408:178:81:203
rrdtool update nightly_builds.rrd 1287435602:206:1544:222:431:402:177:81:203
rrdtool update nightly_builds.rrd 1287522002:207:1563:226:437:412:179:83:204
rrdtool update nightly_builds.rrd 1287608403:207:1565:224:439:412:178:81:205
rrdtool update nightly_builds.rrd 1287694802:221:1564:224:439:410:179:82:203
rrdtool update nightly_builds.rrd 1287781202:210:1413:222:431:405:178:82:201
rrdtool update nightly_builds.rrd 1287867602:207:1420:222:431:405:180:82:201
rrdtool update nightly_builds.rrd 1287954002:206:1417:224:434:411:177:83:204
rrdtool update nightly_builds.rrd 1288040401:247:U:282:576:U:262:93:256
rrdtool update nightly_builds.rrd 1288126802:295:1819:332:634:636:206:124:307
rrdtool update nightly_builds.rrd 1288213202:307:1847:334:638:639:208:124:304
rrdtool update nightly_builds.rrd 1288299602:514:2133:557:881:956:214:259:506
rrdtool update nightly_builds.rrd 1288386002:508:2136:560:884:953:214:259:509
rrdtool update nightly_builds.rrd 1288472401:506:2127:555:883:954:214:260:508
rrdtool update nightly_builds.rrd 1288562403:502:2123:557:882:955:213:259:509
rrdtool update nightly_builds.rrd 1288648801:498:2139:558:883:952:213:259:507
rrdtool update nightly_builds.rrd 1288735201:286:1815:319:617:618:203:120:287
rrdtool update nightly_builds.rrd 1288821601:292:1813:319:617:619:204:119:288
rrdtool update nightly_builds.rrd 1288908001:339:2167:406:912:856:252:129:360
rrdtool update nightly_builds.rrd 1288994403:345:2850:465:1454:1251:U:92:388
rrdtool update nightly_builds.rrd 1289080803:336:2847:466:1461:1251:U:93:391
rrdtool update nightly_builds.rrd 1289167203:339:2836:465:1457:1254:U:93:390
rrdtool update nightly_builds.rrd 1289253602:270:4661:278:449:464:181:126:243
rrdtool update nightly_builds.rrd 1289336401:277:4643:220:435:449:167:119:237
rrdtool update nightly_builds.rrd 1289422802:255:4634:226:442:447:176:115:238
rrdtool update nightly_builds.rrd 1289509202:332:2161:302:916:831:245:123:355
rrdtool update nightly_builds.rrd 1289595602:245:1553:205:425:429:164:117:230
rrdtool update nightly_builds.rrd 1289682002:242:1559:205:425:431:163:116:231
rrdtool update nightly_builds.rrd 1289768402:246:1565:205:425:428:164:117:230
rrdtool update nightly_builds.rrd 1289854802:259:1577:207:428:430:165:119:231
rrdtool update nightly_builds.rrd 1289941201:247:1589:207:427:430:164:118:232
rrdtool update nightly_builds.rrd 1290027601:242:1603:207:426:430:166:119:233
rrdtool update nightly_builds.rrd 1290114002:244:1593:207:429:431:165:120:234
rrdtool update nightly_builds.rrd 1290200402:238:1586:207:427:430:167:118:230
rrdtool update nightly_builds.rrd 1290286802:249:1582:208:427:429:164:117:230
rrdtool update nightly_builds.rrd 1290373201:234:1579:205:425:431:163:118:229
rrdtool update nightly_builds.rrd 1290459602:248:1577:206:427:430:164:117:232
rrdtool update nightly_builds.rrd 1290546002:255:1564:205:424:427:164:119:229
rrdtool update nightly_builds.rrd 1290632401:240:1561:207:424:428:164:118:231
rrdtool update nightly_builds.rrd 1290718801:243:1559:207:425:427:141:117:233
rrdtool update nightly_builds.rrd 1290805201:250:1568:205:422:426:163:117:231
rrdtool update nightly_builds.rrd 1290891601:233:1559:204:424:425:164:118:231
rrdtool update nightly_builds.rrd 1290978002:233:1559:205:423:426:164:118:229
rrdtool update nightly_builds.rrd 1291064401:240:1572:207:425:427:164:117:232
rrdtool update nightly_builds.rrd 1291150801:235:1590:206:426:427:163:118:232
rrdtool update nightly_builds.rrd 1291237201:241:1606:209:428:430:164:118:234
rrdtool update nightly_builds.rrd 1291323601:253:1587:209:428:430:167:121:231
rrdtool update nightly_builds.rrd 1291410001:255:1584:208:425:426:164:122:232
rrdtool update nightly_builds.rrd 1291496401:240:1586:208:426:429:164:121:233
rrdtool update nightly_builds.rrd 1291582802:241:1581:211:428:428:166:120:230
rrdtool update nightly_builds.rrd 1291669201:257:1585:209:429:429:165:121:231
rrdtool update nightly_builds.rrd 1291755602:264:1588:209:426:429:165:125:232
rrdtool update nightly_builds.rrd 1291842001:255:1587:208:428:427:165:121:232
rrdtool update nightly_builds.rrd 1291928402:260:1590:209:429:430:164:121:232
rrdtool update nightly_builds.rrd 1292014802:244:1589:208:428:431:165:122:234
rrdtool update nightly_builds.rrd 1292101202:241:1578:210:425:429:164:123:233
rrdtool update nightly_builds.rrd 1292187602:241:1584:211:429:431:169:121:233
rrdtool update nightly_builds.rrd 1292274001:261:1599:U:427:430:164:121:236
rrdtool update nightly_builds.rrd 1292360401:251:1605:U:427:429:167:120:238
rrdtool update nightly_builds.rrd 1292446801:253:1606:U:427:430:168:123:238
rrdtool update nightly_builds.rrd 1292533202:260:1605:209:433:440:U:U:327
rrdtool update nightly_builds.rrd 1292619601:251:1572:212:429:431:167:123:237
rrdtool update nightly_builds.rrd 1292706001:240:1559:217:429:430:166:120:242
rrdtool update nightly_builds.rrd 1292792402:241:1569:214:430:430:164:123:239
rrdtool update nightly_builds.rrd 1292878801:245:1571:210:430:431:167:123:239
rrdtool update nightly_builds.rrd 1292965201:263:1576:216:430:U:211:122:238
rrdtool update nightly_builds.rrd 1293051602:256:1577:216:432:428:167:121:238
rrdtool update nightly_builds.rrd 1293138001:254:1576:212:431:432:166:121:239
rrdtool update nightly_builds.rrd 1293224402:246:1565:213:430:432:168:124:237
rrdtool update nightly_builds.rrd 1293310802:246:1566:216:429:431:166:121:238
rrdtool update nightly_builds.rrd 1293397202:250:1564:213:433:431:166:121:238
rrdtool update nightly_builds.rrd 1293483601:243:1577:216:430:430:166:121:238
rrdtool update nightly_builds.rrd 1293570001:244:1574:214:431:428:168:124:238
rrdtool update nightly_builds.rrd 1293656401:248:1578:216:434:431:165:122:240
rrdtool update nightly_builds.rrd 1293742802:246:1575:213:433:429:169:122:239
rrdtool update nightly_builds.rrd 1293829202:246:1569:215:432:432:165:121:242
rrdtool update nightly_builds.rrd 1293915601:253:1571:215:429:431:167:121:239
rrdtool update nightly_builds.rrd 1294002002:242:1568:213:430:428:165:120:239
rrdtool update nightly_builds.rrd 1294088402:254:1578:213:430:431:166:121:238
rrdtool update nightly_builds.rrd 1294174802:246:1596:214:433:436:168:120:239
rrdtool update nightly_builds.rrd 1294261202:255:1589:217:434:437:167:122:241
rrdtool update nightly_builds.rrd 1294347602:248:1591:215:434:436:168:124:239
rrdtool update nightly_builds.rrd 1294434003:247:1582:215:437:433:166:120:240
rrdtool update nightly_builds.rrd 1294520402:254:1584:215:438:434:168:123:241
rrdtool update nightly_builds.rrd 1294606803:251:1575:218:435:432:165:124:238
rrdtool update nightly_builds.rrd 1294693201:267:1590:214:431:436:168:123:238
rrdtool update nightly_builds.rrd 1294779602:261:1627:220:446:445:171:124:245
rrdtool update nightly_builds.rrd 1294866003:262:1589:215:433:436:167:123:240
rrdtool update nightly_builds.rrd 1294952402:256:1579:214:433:433:164:122:239
rrdtool update nightly_builds.rrd 1295038801:264:1580:213:434:434:165:123:238
rrdtool update nightly_builds.rrd 1295125202:244:1565:216:431:433:168:122:240
rrdtool update nightly_builds.rrd 1295211601:250:1561:217:432:433:166:121:239
rrdtool update nightly_builds.rrd 1295298002:249:1589:218:438:436:167:124:241
rrdtool update nightly_builds.rrd 1295384402:250:1583:213:433:434:166:121:240
rrdtool update nightly_builds.rrd 1295470801:239:1598:214:431:434:168:121:240
rrdtool update nightly_builds.rrd 1295557201:245:1604:217:434:434:167:122:239
rrdtool update nightly_builds.rrd 1295643601:242:1595:213:428:432:167:119:236
rrdtool update nightly_builds.rrd 1295730002:243:1585:213:432:433:167:120:237
rrdtool update nightly_builds.rrd 1295816402:238:1584:215:432:431:166:121:238
rrdtool update nightly_builds.rrd 1295902802:246:1592:213:432:433:168:122:241
rrdtool update nightly_builds.rrd 1295989202:241:1587:213:434:432:169:121:239
rrdtool update nightly_builds.rrd 1296075602:245:1591:214:433:433:167:121:240
rrdtool update nightly_builds.rrd 1296162001:246:1586:214:437:433:170:122:239
rrdtool update nightly_builds.rrd 1296248401:247:2190:218:442:444:172:123:243
rrdtool update nightly_builds.rrd 1296334801:249:2209:221:444:445:173:123:243
rrdtool update nightly_builds.rrd 1296421201:236:2186:221:445:444:171:121:242
rrdtool update nightly_builds.rrd 1296507601:257:3051:223:448:455:172:121:243
rrdtool update nightly_builds.rrd 1296594002:250:3086:222:447:454:176:123:245
rrdtool update nightly_builds.rrd 1296680402:U:U:U:U:U:U:U:U
rrdtool update nightly_builds.rrd 1296766802:243:2163:219:440:445:169:124:241
rrdtool update nightly_builds.rrd 1297458001:264:2174:295:442:442:170:125:241
rrdtool update nightly_builds.rrd 1297544402:259:2162:296:443:446:169:122:240
rrdtool update nightly_builds.rrd 1297630801:237:2158:296:440:447:169:123:239
rrdtool update nightly_builds.rrd 1297717202:246:2159:296:441:446:168:125:241
rrdtool update nightly_builds.rrd 1297803601:263:2172:301:451:448:176:126:245
rrdtool update nightly_builds.rrd 1297890001:U:U:U:U:U:U:U:U
rrdtool update nightly_builds.rrd 1297976401:256:2170:307:459:452:178:127:247
rrdtool update nightly_builds.rrd 1298062801:260:2182:310:458:452:178:124:244
rrdtool update nightly_builds.rrd 1298149201:252:2176:307:458:452:179:127:244
rrdtool update nightly_builds.rrd 1298235601:258:2158:309:459:454:178:127:245
rrdtool update nightly_builds.rrd 1298322002:257:2175:308:459:452:180:125:245
rrdtool update nightly_builds.rrd 1298408402:263:2196:308:460:453:177:127:245
rrdtool update nightly_builds.rrd 1298494801:250:2188:305:458:451:177:128:245
rrdtool update nightly_builds.rrd 1298581201:267:2168:307:462:457:179:127:245
rrdtool update nightly_builds.rrd 1298667601:265:2176:307:464:458:181:131:244
rrdtool update nightly_builds.rrd 1298754002:256:2179:310:465:458:179:125:244
rrdtool update nightly_builds.rrd 1298840401:250:2202:310:468:461:180:125:245
rrdtool update nightly_builds.rrd 1298929202:266:2164:309:466:459:179:126:248
rrdtool update nightly_builds.rrd 1299015602:U:U:U:U:U:225:U:U
rrdtool update nightly_builds.rrd 1299102002:257:2168:308:465:459:178:126:245
rrdtool update nightly_builds.rrd 1299188402:271:2244:308:468:467:180:137:257
rrdtool update nightly_builds.rrd 1299274801:273:2258:307:471:467:176:136:255
rrdtool update nightly_builds.rrd 1299361202:264:2253:309:471:471:177:138:255
rrdtool update nightly_builds.rrd 1299447601:248:2263:312:474:470:180:138:256
rrdtool update nightly_builds.rrd 1299534002:271:2258:311:472:468:178:138:257
rrdtool update nightly_builds.rrd 1299620401:266:2183:308:468:463:184:127:245
rrdtool update nightly_builds.rrd 1299706802:272:2225:318:477:480:185:135:255
rrdtool update nightly_builds.rrd 1299793202:271:2211:318:478:477:182:133:253
rrdtool update nightly_builds.rrd 1299879601:341:4708:406:611:641:239:178:341
rrdtool update nightly_builds.rrd 1299966002:334:4631:407:612:640:238:175:340
rrdtool update nightly_builds.rrd 1300052401:328:4669:407:611:641:241:177:341
rrdtool update nightly_builds.rrd 1300138802:335:4663:406:612:635:238:175:338
rrdtool update nightly_builds.rrd 1300225201:292:3811:338:528:531:231:145:260
rrdtool update nightly_builds.rrd 1300311602:235:U:296:477:439:201:102:226
rrdtool update nightly_builds.rrd 1300484401:247:3720:300:474:447:204:105:230
rrdtool update nightly_builds.rrd 1300570802:247:3726:300:472:451:203:105:229
rrdtool update nightly_builds.rrd 1300657202:252:3724:302:480:U:U:108:230
rrdtool update nightly_builds.rrd 1300743601:242:3744:304:479:451:216:107:231
rrdtool update nightly_builds.rrd 1300830001:246:3775:300:476:451:215:108:232
rrdtool update nightly_builds.rrd 1300916401:246:3706:329:U:463:221:118:237
rrdtool update nightly_builds.rrd 1301002801:254:3722:312:487:416:206:106:232
rrdtool update nightly_builds.rrd 1301089201:234:3706:315:482:481:215:111:231
rrdtool update nightly_builds.rrd 1301175601:251:3728:315:479:481:216:117:232
rrdtool update nightly_builds.rrd 1301258401:234:3752:320:485:487:215:114:230
rrdtool update nightly_builds.rrd 1301344801:238:6663:319:503:493:228:111:244
rrdtool update nightly_builds.rrd 1301431201:280:6648:319:500:494:232:117:243
rrdtool update nightly_builds.rrd 1301517602:269:6681:320:U:500:229:112:246
rrdtool update nightly_builds.rrd 1301604002:255:6682:318:501:495:229:113:247
rrdtool update nightly_builds.rrd 1301690401:270:6658:320:502:497:227:113:243
rrdtool update nightly_builds.rrd 1301776801:263:6669:320:502:492:226:112:244
rrdtool update nightly_builds.rrd 1301863202:250:6697:319:504:494:226:111:245
rrdtool update nightly_builds.rrd 1301949602:262:6641:319:501:496:226:112:244
rrdtool update nightly_builds.rrd 1302036001:255:6678:320:506:496:227:111:246
rrdtool update nightly_builds.rrd 1302122401:248:6703:318:503:499:228:112:245
rrdtool update nightly_builds.rrd 1303936801:U:U:U:U:U:U:120:U
rrdtool update nightly_builds.rrd 1304023201:U:U:U:U:U:U:118:U
rrdtool update nightly_builds.rrd 1304109601:U:U:U:U:U:U:116:U
rrdtool update nightly_builds.rrd 1304196002:U:U:U:U:U:U:118:U
rrdtool update nightly_builds.rrd 1304282401:U:U:U:U:U:U:119:U
rrdtool update nightly_builds.rrd 1304368801:U:U:U:U:U:U:115:U
rrdtool update nightly_builds.rrd 1304455201:U:U:U:U:U:U:114:U
rrdtool update nightly_builds.rrd 1304541602:U:U:U:U:U:U:U:U
rrdtool update nightly_builds.rrd 1304628001:U:U:U:U:U:U:U:U
rrdtool update nightly_builds.rrd 1304714401:U:U:U:U:U:U:114:U
rrdtool update nightly_builds.rrd 1304800801:U:U:U:U:U:U:115:U
rrdtool update nightly_builds.rrd 1304887201:U:U:U:U:U:U:115:U
rrdtool update nightly_builds.rrd 1304973601:U:U:U:U:U:U:111:U
rrdtool update nightly_builds.rrd 1305060001:U:U:U:U:U:U:112:U
rrdtool update nightly_builds.rrd 1305146402:263:7205:345:524:496:232:113:250
rrdtool update nightly_builds.rrd 1305232801:255:5585:328:506:482:228:111:240
rrdtool update nightly_builds.rrd 1305319201:251:5819:330:511:486:230:110:243
rrdtool update nightly_builds.rrd 1305405601:254:5798:330:508:485:232:111:240
rrdtool update nightly_builds.rrd 1305492001:233:5797:330:509:488:230:113:240
rrdtool update nightly_builds.rrd 1305578402:249:5840:341:524:487:234:111:244
rrdtool update nightly_builds.rrd 1305664801:235:5808:297:515:488:234:112:244
rrdtool update nightly_builds.rrd 1305751201:230:5842:298:513:485:230:112:243
rrdtool update nightly_builds.rrd 1305837601:233:5842:300:514:502:230:110:246
rrdtool update nightly_builds.rrd 1305924001:227:5832:302:514:488:230:114:242
rrdtool update nightly_builds.rrd 1306010401:233:5836:299:516:487:231:111:242
rrdtool update nightly_builds.rrd 1306096801:213:5813:298:512:491:233:110:241
rrdtool update nightly_builds.rrd 1306183201:237:5845:300:519:490:230:111:244
rrdtool update nightly_builds.rrd 1306269602:241:5838:303:518:490:234:110:239
rrdtool update nightly_builds.rrd 1306356001:248:5273:301:514:485:235:110:239
rrdtool update nightly_builds.rrd 1306442401:246:5273:307:516:492:232:110:250
rrdtool update nightly_builds.rrd 1306528801:236:4871:296:511:478:231:111:241
rrdtool update nightly_builds.rrd 1306615202:232:4870:297:513:481:231:110:240
rrdtool update nightly_builds.rrd 1306701601:211:4855:299:513:482:229:112:239
rrdtool update nightly_builds.rrd 1306788001:227:4870:294:507:481:229:110:236
rrdtool update nightly_builds.rrd 1306874401:252:4895:302:511:487:235:118:247
rrdtool update nightly_builds.rrd 1306960801:220:U:U:510:473:232:111:239
rrdtool update nightly_builds.rrd 1307047201:217:U:U:507:474:227:108:236
rrdtool update nightly_builds.rrd 1307133601:220:4873:294:509:485:232:110:237
rrdtool update nightly_builds.rrd 1307220002:227:4883:302:510:486:233:108:235
rrdtool update nightly_builds.rrd 1307306401:208:4868:294:511:487:233:110:239
rrdtool update nightly_builds.rrd 1307392802:233:9582:320:522:517:242:117:242
rrdtool update nightly_builds.rrd 1307479201:237:8618:320:529:518:245:114:240
rrdtool update nightly_builds.rrd 1307565601:246:8673:319:523:503:242:112:238
rrdtool update nightly_builds.rrd 1307652001:269:8883:373:594:581:318:139:267
rrdtool update nightly_builds.rrd 1307736001:285:7616:377:609:606:324:136:261
rrdtool update nightly_builds.rrd 1307822401:286:7637:380:590:628:318:139:265
rrdtool update nightly_builds.rrd 1307908801:245:7656:462:585:U:409:149:263
rrdtool update nightly_builds.rrd 1307995201:266:7672:365:616:597:298:146:262
rrdtool update nightly_builds.rrd 1308081602:259:7653:377:589:601:310:144:261
rrdtool update nightly_builds.rrd 1308168001:288:U:373:U:U:525:136:260
rrdtool update nightly_builds.rrd 1308254401:278:7668:377:611:598:303:138:265
rrdtool update nightly_builds.rrd 1308340802:274:7622:374:595:601:306:151:264
rrdtool update nightly_builds.rrd 1308427201:254:7631:364:568:623:313:140:268
rrdtool update nightly_builds.rrd 1308513601:247:7644:365:564:587:317:151:263
rrdtool update nightly_builds.rrd 1308600001:293:7715:379:589:602:303:148:266
rrdtool update nightly_builds.rrd 1308686401:260:7706:378:588:595:315:148:260
rrdtool update nightly_builds.rrd 1308772801:287:7714:387:592:610:302:146:265
rrdtool update nightly_builds.rrd 1308859201:263:7744:365:581:620:317:154:264
rrdtool update nightly_builds.rrd 1308945601:285:8905:359:597:750:295:154:265
rrdtool update nightly_builds.rrd 1309032002:293:8912:378:617:708:311:164:266
rrdtool update nightly_builds.rrd 1309118401:243:8858:360:586:739:313:146:268
rrdtool update nightly_builds.rrd 1309204801:276:8906:360:593:744:304:149:264
rrdtool update nightly_builds.rrd 1309291201:291:8935:385:591:772:324:155:266
